[1;34m[INFO][0m Checking prerequisites...
[1;34m[INFO][0m Proton-clang not found at /opt/proton-clang, falling back to GCC
[1;34m[INFO][0m Using system GCC cross-compiler
[1;34m[INFO][0m Cleaning previous builds...
[1;34m[INFO][0m Setting up external DTC to avoid build conflicts...
[1;34m[INFO][0m Patching SELinux classmap.h maximum check...
[1;34m[INFO][0m Cleaning previous builds...
grep: .config: No such file or directory
grep: .config: No such file or directory
grep: .config: No such file or directory
grep: .config: No such file or directory
grep: .config: No such file or directory
grep: .config: No such file or directory
/workspace/samsung-exynos9820/security/samsung/defex_lsm/Makefile:14: [DEFEX] INTEGRITY_ENABLE
[1;34m[INFO][0m Configuring kernel with exynos9820-d1_defconfig...
In file included from scripts/kconfig/zconf.tab.c:2470:
In function ‘dep_stack_insert’,
    inlined from ‘sym_check_print_recursive’ at /workspace/samsung-exynos9820/scripts/kconfig/symbol.c:1123:3,
    inlined from ‘sym_check_deps’ at /workspace/samsung-exynos9820/scripts/kconfig/symbol.c:1300:3:
/workspace/samsung-exynos9820/scripts/kconfig/symbol.c:1099:19: warning: storing the address of local variable ‘cv_stack’ in ‘check_top’ [-Wdangling-pointer=]
 1099 |         check_top = stack;
      |         ~~~~~~~~~~^~~~~~~
/workspace/samsung-exynos9820/scripts/kconfig/symbol.c: In function ‘sym_check_deps’:
/workspace/samsung-exynos9820/scripts/kconfig/symbol.c:1120:26: note: ‘cv_stack’ declared here
 1120 |         struct dep_stack cv_stack;
      |                          ^~~~~~~~
/workspace/samsung-exynos9820/scripts/kconfig/symbol.c:1090:4: note: ‘check_top’ declared here
 1090 | } *check_top;
      |    ^~~~~~~~~
Kconfig:16:warning: environment variable ANDROID_MAJOR_VERSION undefined
[1;34m[INFO][0m Configuring base kernel options...
scripts/kconfig/conf -s --olddefconfig Kconfig
Kconfig:16:warning: environment variable ANDROID_MAJOR_VERSION undefined
.config:6524:warning: override: reassigning to symbol OVERLAY_FS
.config:6525:warning: override: reassigning to symbol MODULE_SIG
.config:6526:warning: override: reassigning to symbol TCP_CONG_WESTWOOD
.config:6527:warning: override: reassigning to symbol TCP_CONG_HTCP
.config:6529:warning: override: reassigning to symbol MALI_DDK_VERSION
.config:6530:warning: override: reassigning to symbol MALI_BIFROST_R26P0
.config:6531:warning: override: reassigning to symbol MALI_BIFROST_R32P1
.config:6531:warning: override: MALI_BIFROST_R32P1 changes choice state
.config:6532:warning: override: reassigning to symbol MALI_BIFROST_R19P0_Q
.config:6533:warning: override: reassigning to symbol MALI_BIFROST_R16P0
.config:6534:warning: override: reassigning to symbol MALI_BIFROST_R14P0
.config:6535:warning: override: reassigning to symbol MALI_BIFROST_R12P0
.config:6536:warning: override: reassigning to symbol MALI_BIFROST_R10P0
.config:6537:warning: override: reassigning to symbol MALI_MIDGARD
.config:6538:warning: override: reassigning to symbol MALI_EXPERT
.config:6539:warning: override: reassigning to symbol MALI_DVFS
.config:6540:warning: override: reassigning to symbol MALI_DEBUG_SYS
.config:6541:warning: override: reassigning to symbol MALI_DEBUG_KERNEL_SYSFS
.config:6542:warning: override: reassigning to symbol MALI_REAL_HW
.config:6543:warning: override: reassigning to symbol MALI_DMA_BUF_LEGACY_COMPAT
.config:6544:warning: override: reassigning to symbol MALI_PLATFORM_NAME
.config:6545:warning: override: reassigning to symbol MALI_EXYNOS_CLOCK
.config:6546:warning: override: reassigning to symbol MALI_EXYNOS_DVFS
.config:6547:warning: override: reassigning to symbol MALI_EXYNOS_PM
.config:6548:warning: override: reassigning to symbol MALI_EXYNOS_RTPM
.config:6549:warning: override: reassigning to symbol MALI_EXYNOS_QOS
.config:6550:warning: override: reassigning to symbol MALI_EXYNOS_THERMAL
.config:6551:warning: override: reassigning to symbol MALI_EXYNOS_BTS_MO
.config:6552:warning: override: reassigning to symbol MALI_EXYNOS_DEBUG
.config:6553:warning: override: reassigning to symbol MALI_EXYNOS_DEVICETREE
.config:6554:warning: override: reassigning to symbol MALI_EXYNOS_CL_BOOST
.config:6555:warning: override: reassigning to symbol MALI_PRFCNT_SET_PRIMARY
.config:6558:warning: override: reassigning to symbol MALI_PRFCNT_SET_SECONDARY
.config:6566:warning: override: reassigning to symbol VISION_SUPPORT
.config:6570:warning: override: reassigning to symbol SECURITY_DEFEX
.config:6571:warning: override: reassigning to symbol SDCARD_FS
.config:6572:warning: override: reassigning to symbol EXYNOS_DPU20
.config:6574:warning: override: reassigning to symbol EXYNOS_MIPI_DSIM
.config:6577:warning: override: reassigning to symbol KPERFMON
.config:6578:warning: override: reassigning to symbol MEDIA_SUPPORT
[1;34m[INFO][0m KernelSU integration temporarily disabled for base kernel build
[1;34m[INFO][0m Applying necessary patches...
[1;34m[INFO][0m Patching SELinux classmap.h...
[1;34m[INFO][0m SELinux classmap.h patched
[1;34m[INFO][0m Building kernel with 16 jobs...
scripts/kconfig/conf -s --silentoldconfig Kconfig
Kconfig:16:warning: environment variable ANDROID_MAJOR_VERSION undefined
/workspace/samsung-exynos9820/mm/page_alloc.c: In function ‘mem_init_print_info’:
/workspace/samsung-exynos9820/mm/page_alloc.c:6821:27: warning: comparison between two arrays [-Warray-compare]
 6821 |                 if (start <= pos && pos < end && size > adj) \
      |                           ^~
/workspace/samsung-exynos9820/mm/page_alloc.c:6825:9: note: in expansion of macro ‘adj_init_size’
 6825 |         adj_init_size(__init_begin, __init_end, init_data_size,
      |         ^~~~~~~~~~~~~
/workspace/samsung-exynos9820/mm/page_alloc.c:6821:27: note: use ‘&__init_begin[0] <= &_sinittext[0]’ to compare the addresses
 6821 |                 if (start <= pos && pos < end && size > adj) \
      |                           ^~
/workspace/samsung-exynos9820/mm/page_alloc.c:6825:9: note: in expansion of macro ‘adj_init_size’
 6825 |         adj_init_size(__init_begin, __init_end, init_data_size,
      |         ^~~~~~~~~~~~~
/workspace/samsung-exynos9820/mm/page_alloc.c:6821:41: warning: comparison between two arrays [-Warray-compare]
 6821 |                 if (start <= pos && pos < end && size > adj) \
      |                                         ^
/workspace/samsung-exynos9820/mm/page_alloc.c:6825:9: note: in expansion of macro ‘adj_init_size’
 6825 |         adj_init_size(__init_begin, __init_end, init_data_size,
      |         ^~~~~~~~~~~~~
/workspace/samsung-exynos9820/mm/page_alloc.c:6821:41: note: use ‘&_sinittext[0] < &__init_end[0]’ to compare the addresses
 6821 |                 if (start <= pos && pos < end && size > adj) \
      |                                         ^
/workspace/samsung-exynos9820/mm/page_alloc.c:6825:9: note: in expansion of macro ‘adj_init_size’
 6825 |         adj_init_size(__init_begin, __init_end, init_data_size,
      |         ^~~~~~~~~~~~~
/workspace/samsung-exynos9820/mm/page_alloc.c:6821:27: warning: comparison between two arrays [-Warray-compare]
 6821 |                 if (start <= pos && pos < end && size > adj) \
      |                           ^~
/workspace/samsung-exynos9820/mm/page_alloc.c:6827:9: note: in expansion of macro ‘adj_init_size’
 6827 |         adj_init_size(_stext, _etext, codesize, _sinittext, init_code_size);
      |         ^~~~~~~~~~~~~
/workspace/samsung-exynos9820/mm/page_alloc.c:6821:27: note: use ‘&_stext[0] <= &_sinittext[0]’ to compare the addresses
 6821 |                 if (start <= pos && pos < end && size > adj) \
      |                           ^~
/workspace/samsung-exynos9820/mm/page_alloc.c:6827:9: note: in expansion of macro ‘adj_init_size’
 6827 |         adj_init_size(_stext, _etext, codesize, _sinittext, init_code_size);
      |         ^~~~~~~~~~~~~
/workspace/samsung-exynos9820/mm/page_alloc.c:6821:41: warning: comparison between two arrays [-Warray-compare]
 6821 |                 if (start <= pos && pos < end && size > adj) \
      |                                         ^
/workspace/samsung-exynos9820/mm/page_alloc.c:6827:9: note: in expansion of macro ‘adj_init_size’
 6827 |         adj_init_size(_stext, _etext, codesize, _sinittext, init_code_size);
      |         ^~~~~~~~~~~~~
/workspace/samsung-exynos9820/mm/page_alloc.c:6821:41: note: use ‘&_sinittext[0] < &_etext[0]’ to compare the addresses
 6821 |                 if (start <= pos && pos < end && size > adj) \
      |                                         ^
/workspace/samsung-exynos9820/mm/page_alloc.c:6827:9: note: in expansion of macro ‘adj_init_size’
 6827 |         adj_init_size(_stext, _etext, codesize, _sinittext, init_code_size);
      |         ^~~~~~~~~~~~~
/workspace/samsung-exynos9820/mm/page_alloc.c:6821:27: warning: comparison between two arrays [-Warray-compare]
 6821 |                 if (start <= pos && pos < end && size > adj) \
      |                           ^~
/workspace/samsung-exynos9820/mm/page_alloc.c:6828:9: note: in expansion of macro ‘adj_init_size’
 6828 |         adj_init_size(_sdata, _edata, datasize, __init_begin, init_data_size);
      |         ^~~~~~~~~~~~~
/workspace/samsung-exynos9820/mm/page_alloc.c:6821:27: note: use ‘&_sdata[0] <= &__init_begin[0]’ to compare the addresses
 6821 |                 if (start <= pos && pos < end && size > adj) \
      |                           ^~
/workspace/samsung-exynos9820/mm/page_alloc.c:6828:9: note: in expansion of macro ‘adj_init_size’
 6828 |         adj_init_size(_sdata, _edata, datasize, __init_begin, init_data_size);
      |         ^~~~~~~~~~~~~
/workspace/samsung-exynos9820/mm/page_alloc.c:6821:41: warning: comparison between two arrays [-Warray-compare]
 6821 |                 if (start <= pos && pos < end && size > adj) \
      |                                         ^
/workspace/samsung-exynos9820/mm/page_alloc.c:6828:9: note: in expansion of macro ‘adj_init_size’
 6828 |         adj_init_size(_sdata, _edata, datasize, __init_begin, init_data_size);
      |         ^~~~~~~~~~~~~
/workspace/samsung-exynos9820/mm/page_alloc.c:6821:41: note: use ‘&__init_begin[0] < &_edata[0]’ to compare the addresses
 6821 |                 if (start <= pos && pos < end && size > adj) \
      |                                         ^
/workspace/samsung-exynos9820/mm/page_alloc.c:6828:9: note: in expansion of macro ‘adj_init_size’
 6828 |         adj_init_size(_sdata, _edata, datasize, __init_begin, init_data_size);
      |         ^~~~~~~~~~~~~
/workspace/samsung-exynos9820/mm/page_alloc.c:6821:27: warning: comparison between two arrays [-Warray-compare]
 6821 |                 if (start <= pos && pos < end && size > adj) \
      |                           ^~
/workspace/samsung-exynos9820/mm/page_alloc.c:6829:9: note: in expansion of macro ‘adj_init_size’
 6829 |         adj_init_size(_stext, _etext, codesize, __start_rodata, rosize);
      |         ^~~~~~~~~~~~~
/workspace/samsung-exynos9820/mm/page_alloc.c:6821:27: note: use ‘&_stext[0] <= &__start_rodata[0]’ to compare the addresses
 6821 |                 if (start <= pos && pos < end && size > adj) \
      |                           ^~
/workspace/samsung-exynos9820/mm/page_alloc.c:6829:9: note: in expansion of macro ‘adj_init_size’
 6829 |         adj_init_size(_stext, _etext, codesize, __start_rodata, rosize);
      |         ^~~~~~~~~~~~~
/workspace/samsung-exynos9820/mm/page_alloc.c:6821:41: warning: comparison between two arrays [-Warray-compare]
 6821 |                 if (start <= pos && pos < end && size > adj) \
      |                                         ^
/workspace/samsung-exynos9820/mm/page_alloc.c:6829:9: note: in expansion of macro ‘adj_init_size’
 6829 |         adj_init_size(_stext, _etext, codesize, __start_rodata, rosize);
      |         ^~~~~~~~~~~~~
/workspace/samsung-exynos9820/mm/page_alloc.c:6821:41: note: use ‘&__start_rodata[0] < &_etext[0]’ to compare the addresses
 6821 |                 if (start <= pos && pos < end && size > adj) \
      |                                         ^
/workspace/samsung-exynos9820/mm/page_alloc.c:6829:9: note: in expansion of macro ‘adj_init_size’
 6829 |         adj_init_size(_stext, _etext, codesize, __start_rodata, rosize);
      |         ^~~~~~~~~~~~~
/workspace/samsung-exynos9820/mm/page_alloc.c:6821:27: warning: comparison between two arrays [-Warray-compare]
 6821 |                 if (start <= pos && pos < end && size > adj) \
      |                           ^~
/workspace/samsung-exynos9820/mm/page_alloc.c:6830:9: note: in expansion of macro ‘adj_init_size’
 6830 |         adj_init_size(_sdata, _edata, datasize, __start_rodata, rosize);
      |         ^~~~~~~~~~~~~
/workspace/samsung-exynos9820/mm/page_alloc.c:6821:27: note: use ‘&_sdata[0] <= &__start_rodata[0]’ to compare the addresses
 6821 |                 if (start <= pos && pos < end && size > adj) \
      |                           ^~
/workspace/samsung-exynos9820/mm/page_alloc.c:6830:9: note: in expansion of macro ‘adj_init_size’
 6830 |         adj_init_size(_sdata, _edata, datasize, __start_rodata, rosize);
      |         ^~~~~~~~~~~~~
/workspace/samsung-exynos9820/mm/page_alloc.c:6821:41: warning: comparison between two arrays [-Warray-compare]
 6821 |                 if (start <= pos && pos < end && size > adj) \
      |                                         ^
/workspace/samsung-exynos9820/mm/page_alloc.c:6830:9: note: in expansion of macro ‘adj_init_size’
 6830 |         adj_init_size(_sdata, _edata, datasize, __start_rodata, rosize);
      |         ^~~~~~~~~~~~~
/workspace/samsung-exynos9820/mm/page_alloc.c:6821:41: note: use ‘&__start_rodata[0] < &_edata[0]’ to compare the addresses
 6821 |                 if (start <= pos && pos < end && size > adj) \
      |                                         ^
/workspace/samsung-exynos9820/mm/page_alloc.c:6830:9: note: in expansion of macro ‘adj_init_size’
 6830 |         adj_init_size(_sdata, _edata, datasize, __start_rodata, rosize);
      |         ^~~~~~~~~~~~~
In file included from /workspace/samsung-exynos9820/security/samsung/five/five_dmverity.c:24:
/workspace/samsung-exynos9820/drivers/md/dm.h:67:20: warning: conflicting types for ‘dm_table_get_type’ due to enum/integer mismatch; have ‘enum dm_queue_mode(struct dm_table *)’ [-Wenum-int-mismatch]
   67 | enum dm_queue_mode dm_table_get_type(struct dm_table *t);
      |                    ^~~~~~~~~~~~~~~~~
In file included from /workspace/samsung-exynos9820/drivers/md/dm.h:14:
/workspace/samsung-exynos9820/include/linux/device-mapper.h:473:10: note: previous declaration of ‘dm_table_get_type’ with type ‘unsigned int(struct dm_table *)’
  473 | unsigned dm_table_get_type(struct dm_table *t);
      |          ^~~~~~~~~~~~~~~~~
/workspace/samsung-exynos9820/drivers/md/dm.h:79:6: warning: conflicting types for ‘dm_set_md_type’ due to enum/integer mismatch; have ‘void(struct mapped_device *, enum dm_queue_mode)’ [-Wenum-int-mismatch]
   79 | void dm_set_md_type(struct mapped_device *md, enum dm_queue_mode type);
      |      ^~~~~~~~~~~~~~
/workspace/samsung-exynos9820/include/linux/device-mapper.h:470:6: note: previous declaration of ‘dm_set_md_type’ with type ‘void(struct mapped_device *, unsigned int)’
  470 | void dm_set_md_type(struct mapped_device *md, unsigned type);
      |      ^~~~~~~~~~~~~~
/workspace/samsung-exynos9820/drivers/md/dm.h:80:20: warning: conflicting types for ‘dm_get_md_type’ due to enum/integer mismatch; have ‘enum dm_queue_mode(struct mapped_device *)’ [-Wenum-int-mismatch]
   80 | enum dm_queue_mode dm_get_md_type(struct mapped_device *md);
      |                    ^~~~~~~~~~~~~~
/workspace/samsung-exynos9820/include/linux/device-mapper.h:471:10: note: previous declaration of ‘dm_get_md_type’ with type ‘unsigned int(struct mapped_device *)’
  471 | unsigned dm_get_md_type(struct mapped_device *md);
      |          ^~~~~~~~~~~~~~
/workspace/samsung-exynos9820/security/sdp/dd_kernel_crypto.c: In function ‘get_dd_file_key’:
/workspace/samsung-exynos9820/security/sdp/dd_kernel_crypto.c:496:5: warning: this ‘if’ clause does not guard... [-Wmisleading-indentation]
  496 |     if (rc)
      |     ^~
/workspace/samsung-exynos9820/security/sdp/dd_kernel_crypto.c:499:9: note: ...this statement, but the latter is misleadingly indented as if it were guarded by the ‘if’
  499 |         crypto_free_aead(key_aead);
      |         ^~~~~~~~~~~~~~~~
firmware/npu/NPU.bin.gen.S: Assembler messages:
firmware/npu/NPU.bin.gen.S:5: Error: file not found: firmware/npu/NPU.bin
make[2]: *** [/workspace/samsung-exynos9820/scripts/Makefile.build:457: firmware/npu/NPU.bin.gen.o] Error 1
make[1]: *** [/workspace/samsung-exynos9820/Makefile:1257: firmware] Error 2
make[1]: *** Waiting for unfinished jobs....
In file included from /workspace/samsung-exynos9820/include/linux/printk.h:7,
                 from /workspace/samsung-exynos9820/include/linux/kernel.h:14,
                 from /workspace/samsung-exynos9820/include/linux/list.h:9,
                 from /workspace/samsung-exynos9820/include/linux/module.h:9,
                 from /workspace/samsung-exynos9820/drivers/block/zram/zram_drv.c:18:
/workspace/samsung-exynos9820/drivers/block/zram/zram_drv.c: In function ‘fallocate_block’:
/workspace/samsung-exynos9820/include/linux/kern_levels.h:5:25: warning: format ‘%lx’ expects argument of type ‘long unsigned int’, but argument 3 has type ‘loff_t’ {aka ‘long long int’} [-Wformat=]
    5 | #define KERN_SOH        "\001"          /* ASCII Start Of Header */
      |                         ^~~~~~
/workspace/samsung-exynos9820/include/linux/kern_levels.h:11:25: note: in expansion of macro ‘KERN_SOH’
   11 | #define KERN_ERR        KERN_SOH "3"    /* error conditions */
      |                         ^~~~~~~~
/workspace/samsung-exynos9820/include/linux/printk.h:309:16: note: in expansion of macro ‘KERN_ERR’
  309 |         printk(KERN_ERR pr_fmt(fmt), ##__VA_ARGS__)
      |                ^~~~~~~~
/workspace/samsung-exynos9820/drivers/block/zram/zram_drv.c:409:25: note: in expansion of macro ‘pr_err’
  409 |                         pr_err("%s pos %lx failed %d\n", __func__, pos, ret);
      |                         ^~~~~~
/workspace/samsung-exynos9820/drivers/block/zram/zram_drv.c: In function ‘zram_pin_backing_file’:
/workspace/samsung-exynos9820/drivers/block/zram/zram_drv.c:382:9: warning: ignoring return value of ‘copy_to_user’ declared with attribute ‘warn_unused_result’ [-Wunused-result]
  382 |         copy_to_user(buf, &set, sizeof(int));
      |         ^~~~~~~~~~~~~~~~~~~~~~~~~~~~~~~~~~~~
/workspace/samsung-exynos9820/kernel/extable.c: In function ‘sort_main_extable’:
/workspace/samsung-exynos9820/kernel/extable.c:47:59: warning: comparison between two arrays [-Warray-compare]
   47 |         if (main_extable_sort_needed && __stop___ex_table > __start___ex_table) {
      |                                                           ^
/workspace/samsung-exynos9820/kernel/extable.c:47:59: note: use ‘&__stop___ex_table[0] > &__start___ex_table[0]’ to compare the addresses
/workspace/samsung-exynos9820/mm/memblock.c: In function ‘memsize_kernel_show’:
/workspace/samsung-exynos9820/mm/memblock.c:1943:28: warning: comparison between two arrays [-Warray-compare]
 1943 |         if (__start_rodata < _etext)
      |                            ^
/workspace/samsung-exynos9820/mm/memblock.c:1943:28: note: use ‘&__start_rodata[0] < &_etext[0]’ to compare the addresses
/workspace/samsung-exynos9820/kernel/sched/core.c: In function ‘sched_init’:
/workspace/samsung-exynos9820/kernel/sched/core.c:6077:30: warning: the comparison will always evaluate as ‘false’ for the address of ‘cpu_isolated_map’ will never be NULL [-Waddress]
 6077 |         if (cpu_isolated_map == NULL)
      |                              ^~
/workspace/samsung-exynos9820/kernel/sched/core.c:92:15: note: ‘cpu_isolated_map’ declared here
   92 | cpumask_var_t cpu_isolated_map;
      |               ^~~~~~~~~~~~~~~~
/workspace/samsung-exynos9820/kernel/trace/trace.c: In function ‘tracer_alloc_buffers’:
/workspace/samsung-exynos9820/kernel/trace/trace.c:8299:40: warning: comparison between two arrays [-Warray-compare]
 8299 |         if (__stop___trace_bprintk_fmt != __start___trace_bprintk_fmt)
      |                                        ^~
/workspace/samsung-exynos9820/kernel/trace/trace.c:8299:40: note: use ‘&__stop___trace_bprintk_fmt[0] != &__start___trace_bprintk_fmt[0]’ to compare the addresses
/workspace/samsung-exynos9820/kernel/profile.c: In function ‘profile_dead_cpu’:
/workspace/samsung-exynos9820/kernel/profile.c:338:27: warning: the comparison will always evaluate as ‘true’ for the address of ‘prof_cpu_mask’ will never be NULL [-Waddress]
  338 |         if (prof_cpu_mask != NULL)
      |                           ^~
/workspace/samsung-exynos9820/kernel/profile.c:48:22: note: ‘prof_cpu_mask’ declared here
   48 | static cpumask_var_t prof_cpu_mask;
      |                      ^~~~~~~~~~~~~
/workspace/samsung-exynos9820/kernel/profile.c: In function ‘profile_online_cpu’:
/workspace/samsung-exynos9820/kernel/profile.c:375:27: warning: the comparison will always evaluate as ‘true’ for the address of ‘prof_cpu_mask’ will never be NULL [-Waddress]
  375 |         if (prof_cpu_mask != NULL)
      |                           ^~
/workspace/samsung-exynos9820/kernel/profile.c:48:22: note: ‘prof_cpu_mask’ declared here
   48 | static cpumask_var_t prof_cpu_mask;
      |                      ^~~~~~~~~~~~~
/workspace/samsung-exynos9820/kernel/profile.c: In function ‘profile_tick’:
/workspace/samsung-exynos9820/kernel/profile.c:405:47: warning: the comparison will always evaluate as ‘true’ for the address of ‘prof_cpu_mask’ will never be NULL [-Waddress]
  405 |         if (!user_mode(regs) && prof_cpu_mask != NULL &&
      |                                               ^~
/workspace/samsung-exynos9820/kernel/profile.c:48:22: note: ‘prof_cpu_mask’ declared here
   48 | static cpumask_var_t prof_cpu_mask;
      |                      ^~~~~~~~~~~~~
/workspace/samsung-exynos9820/kernel/sched/ems/load_balance.c: In function ‘get_last_level’:
/workspace/samsung-exynos9820/kernel/sched/ems/load_balance.c:143:32: warning: the comparison will always evaluate as ‘false’ for the pointer operand in ‘ou + (sizetype)((long unsigned int)level * 32)’ must not be NULL [-Waddress]
  143 |                 if (&ou[level] == NULL)
      |                                ^~
In file included from /workspace/samsung-exynos9820/drivers/md/dm-uevent.c:27:
/workspace/samsung-exynos9820/drivers/md/dm.h:67:20: warning: conflicting types for ‘dm_table_get_type’ due to enum/integer mismatch; have ‘enum dm_queue_mode(struct dm_table *)’ [-Wenum-int-mismatch]
   67 | enum dm_queue_mode dm_table_get_type(struct dm_table *t);
      |                    ^~~~~~~~~~~~~~~~~
In file included from /workspace/samsung-exynos9820/drivers/md/dm.h:14:
/workspace/samsung-exynos9820/include/linux/device-mapper.h:473:10: note: previous declaration of ‘dm_table_get_type’ with type ‘unsigned int(struct dm_table *)’
  473 | unsigned dm_table_get_type(struct dm_table *t);
      |          ^~~~~~~~~~~~~~~~~
/workspace/samsung-exynos9820/drivers/md/dm.h:79:6: warning: conflicting types for ‘dm_set_md_type’ due to enum/integer mismatch; have ‘void(struct mapped_device *, enum dm_queue_mode)’ [-Wenum-int-mismatch]
   79 | void dm_set_md_type(struct mapped_device *md, enum dm_queue_mode type);
      |      ^~~~~~~~~~~~~~
/workspace/samsung-exynos9820/include/linux/device-mapper.h:470:6: note: previous declaration of ‘dm_set_md_type’ with type ‘void(struct mapped_device *, unsigned int)’
  470 | void dm_set_md_type(struct mapped_device *md, unsigned type);
      |      ^~~~~~~~~~~~~~
/workspace/samsung-exynos9820/drivers/md/dm.h:80:20: warning: conflicting types for ‘dm_get_md_type’ due to enum/integer mismatch; have ‘enum dm_queue_mode(struct mapped_device *)’ [-Wenum-int-mismatch]
   80 | enum dm_queue_mode dm_get_md_type(struct mapped_device *md);
      |                    ^~~~~~~~~~~~~~
/workspace/samsung-exynos9820/include/linux/device-mapper.h:471:10: note: previous declaration of ‘dm_get_md_type’ with type ‘unsigned int(struct mapped_device *)’
  471 | unsigned dm_get_md_type(struct mapped_device *md);
      |          ^~~~~~~~~~~~~~
In file included from /workspace/samsung-exynos9820/drivers/md/dm-core.h:18,
                 from /workspace/samsung-exynos9820/drivers/md/dm.c:8:
/workspace/samsung-exynos9820/drivers/md/dm.h:67:20: warning: conflicting types for ‘dm_table_get_type’ due to enum/integer mismatch; have ‘enum dm_queue_mode(struct dm_table *)’ [-Wenum-int-mismatch]
   67 | enum dm_queue_mode dm_table_get_type(struct dm_table *t);
      |                    ^~~~~~~~~~~~~~~~~
In file included from /workspace/samsung-exynos9820/drivers/md/dm.h:14:
/workspace/samsung-exynos9820/include/linux/device-mapper.h:473:10: note: previous declaration of ‘dm_table_get_type’ with type ‘unsigned int(struct dm_table *)’
  473 | unsigned dm_table_get_type(struct dm_table *t);
      |          ^~~~~~~~~~~~~~~~~
/workspace/samsung-exynos9820/drivers/md/dm.h:79:6: warning: conflicting types for ‘dm_set_md_type’ due to enum/integer mismatch; have ‘void(struct mapped_device *, enum dm_queue_mode)’ [-Wenum-int-mismatch]
   79 | void dm_set_md_type(struct mapped_device *md, enum dm_queue_mode type);
      |      ^~~~~~~~~~~~~~
/workspace/samsung-exynos9820/include/linux/device-mapper.h:470:6: note: previous declaration of ‘dm_set_md_type’ with type ‘void(struct mapped_device *, unsigned int)’
  470 | void dm_set_md_type(struct mapped_device *md, unsigned type);
      |      ^~~~~~~~~~~~~~
/workspace/samsung-exynos9820/drivers/md/dm.h:80:20: warning: conflicting types for ‘dm_get_md_type’ due to enum/integer mismatch; have ‘enum dm_queue_mode(struct mapped_device *)’ [-Wenum-int-mismatch]
   80 | enum dm_queue_mode dm_get_md_type(struct mapped_device *md);
      |                    ^~~~~~~~~~~~~~
/workspace/samsung-exynos9820/include/linux/device-mapper.h:471:10: note: previous declaration of ‘dm_get_md_type’ with type ‘unsigned int(struct mapped_device *)’
  471 | unsigned dm_get_md_type(struct mapped_device *md);
      |          ^~~~~~~~~~~~~~
In file included from /workspace/samsung-exynos9820/drivers/md/dm-core.h:18,
                 from /workspace/samsung-exynos9820/drivers/md/dm-table.c:8:
/workspace/samsung-exynos9820/drivers/md/dm.h:67:20: warning: conflicting types for ‘dm_table_get_type’ due to enum/integer mismatch; have ‘enum dm_queue_mode(struct dm_table *)’ [-Wenum-int-mismatch]
   67 | enum dm_queue_mode dm_table_get_type(struct dm_table *t);
      |                    ^~~~~~~~~~~~~~~~~
In file included from /workspace/samsung-exynos9820/drivers/md/dm.h:14:
/workspace/samsung-exynos9820/include/linux/device-mapper.h:473:10: note: previous declaration of ‘dm_table_get_type’ with type ‘unsigned int(struct dm_table *)’
  473 | unsigned dm_table_get_type(struct dm_table *t);
      |          ^~~~~~~~~~~~~~~~~
/workspace/samsung-exynos9820/drivers/md/dm.h:79:6: warning: conflicting types for ‘dm_set_md_type’ due to enum/integer mismatch; have ‘void(struct mapped_device *, enum dm_queue_mode)’ [-Wenum-int-mismatch]
   79 | void dm_set_md_type(struct mapped_device *md, enum dm_queue_mode type);
      |      ^~~~~~~~~~~~~~
/workspace/samsung-exynos9820/include/linux/device-mapper.h:470:6: note: previous declaration of ‘dm_set_md_type’ with type ‘void(struct mapped_device *, unsigned int)’
  470 | void dm_set_md_type(struct mapped_device *md, unsigned type);
      |      ^~~~~~~~~~~~~~
/workspace/samsung-exynos9820/drivers/md/dm.h:80:20: warning: conflicting types for ‘dm_get_md_type’ due to enum/integer mismatch; have ‘enum dm_queue_mode(struct mapped_device *)’ [-Wenum-int-mismatch]
   80 | enum dm_queue_mode dm_get_md_type(struct mapped_device *md);
      |                    ^~~~~~~~~~~~~~
/workspace/samsung-exynos9820/include/linux/device-mapper.h:471:10: note: previous declaration of ‘dm_get_md_type’ with type ‘unsigned int(struct mapped_device *)’
  471 | unsigned dm_get_md_type(struct mapped_device *md);
      |          ^~~~~~~~~~~~~~
In file included from /workspace/samsung-exynos9820/drivers/md/dm-core.h:18,
                 from /workspace/samsung-exynos9820/drivers/md/dm-target.c:7:
/workspace/samsung-exynos9820/drivers/md/dm.h:67:20: warning: conflicting types for ‘dm_table_get_type’ due to enum/integer mismatch; have ‘enum dm_queue_mode(struct dm_table *)’ [-Wenum-int-mismatch]
   67 | enum dm_queue_mode dm_table_get_type(struct dm_table *t);
      |                    ^~~~~~~~~~~~~~~~~
In file included from /workspace/samsung-exynos9820/drivers/md/dm.h:14:
/workspace/samsung-exynos9820/include/linux/device-mapper.h:473:10: note: previous declaration of ‘dm_table_get_type’ with type ‘unsigned int(struct dm_table *)’
  473 | unsigned dm_table_get_type(struct dm_table *t);
      |          ^~~~~~~~~~~~~~~~~
/workspace/samsung-exynos9820/drivers/md/dm.h:79:6: warning: conflicting types for ‘dm_set_md_type’ due to enum/integer mismatch; have ‘void(struct mapped_device *, enum dm_queue_mode)’ [-Wenum-int-mismatch]
   79 | void dm_set_md_type(struct mapped_device *md, enum dm_queue_mode type);
      |      ^~~~~~~~~~~~~~
/workspace/samsung-exynos9820/include/linux/device-mapper.h:470:6: note: previous declaration of ‘dm_set_md_type’ with type ‘void(struct mapped_device *, unsigned int)’
  470 | void dm_set_md_type(struct mapped_device *md, unsigned type);
      |      ^~~~~~~~~~~~~~
/workspace/samsung-exynos9820/drivers/md/dm.h:80:20: warning: conflicting types for ‘dm_get_md_type’ due to enum/integer mismatch; have ‘enum dm_queue_mode(struct mapped_device *)’ [-Wenum-int-mismatch]
   80 | enum dm_queue_mode dm_get_md_type(struct mapped_device *md);
      |                    ^~~~~~~~~~~~~~
/workspace/samsung-exynos9820/include/linux/device-mapper.h:471:10: note: previous declaration of ‘dm_get_md_type’ with type ‘unsigned int(struct mapped_device *)’
  471 | unsigned dm_get_md_type(struct mapped_device *md);
      |          ^~~~~~~~~~~~~~
In file included from /workspace/samsung-exynos9820/drivers/md/dm-linear.c:7:
/workspace/samsung-exynos9820/drivers/md/dm.h:67:20: warning: conflicting types for ‘dm_table_get_type’ due to enum/integer mismatch; have ‘enum dm_queue_mode(struct dm_table *)’ [-Wenum-int-mismatch]
   67 | enum dm_queue_mode dm_table_get_type(struct dm_table *t);
      |                    ^~~~~~~~~~~~~~~~~
In file included from /workspace/samsung-exynos9820/drivers/md/dm.h:14:
/workspace/samsung-exynos9820/include/linux/device-mapper.h:473:10: note: previous declaration of ‘dm_table_get_type’ with type ‘unsigned int(struct dm_table *)’
  473 | unsigned dm_table_get_type(struct dm_table *t);
      |          ^~~~~~~~~~~~~~~~~
/workspace/samsung-exynos9820/drivers/md/dm.h:79:6: warning: conflicting types for ‘dm_set_md_type’ due to enum/integer mismatch; have ‘void(struct mapped_device *, enum dm_queue_mode)’ [-Wenum-int-mismatch]
   79 | void dm_set_md_type(struct mapped_device *md, enum dm_queue_mode type);
      |      ^~~~~~~~~~~~~~
/workspace/samsung-exynos9820/include/linux/device-mapper.h:470:6: note: previous declaration of ‘dm_set_md_type’ with type ‘void(struct mapped_device *, unsigned int)’
  470 | void dm_set_md_type(struct mapped_device *md, unsigned type);
      |      ^~~~~~~~~~~~~~
/workspace/samsung-exynos9820/drivers/md/dm.h:80:20: warning: conflicting types for ‘dm_get_md_type’ due to enum/integer mismatch; have ‘enum dm_queue_mode(struct mapped_device *)’ [-Wenum-int-mismatch]
   80 | enum dm_queue_mode dm_get_md_type(struct mapped_device *md);
      |                    ^~~~~~~~~~~~~~
/workspace/samsung-exynos9820/include/linux/device-mapper.h:471:10: note: previous declaration of ‘dm_get_md_type’ with type ‘unsigned int(struct mapped_device *)’
  471 | unsigned dm_get_md_type(struct mapped_device *md);
      |          ^~~~~~~~~~~~~~
In file included from /workspace/samsung-exynos9820/drivers/md/dm-stripe.c:7:
/workspace/samsung-exynos9820/drivers/md/dm.h:67:20: warning: conflicting types for ‘dm_table_get_type’ due to enum/integer mismatch; have ‘enum dm_queue_mode(struct dm_table *)’ [-Wenum-int-mismatch]
   67 | enum dm_queue_mode dm_table_get_type(struct dm_table *t);
      |                    ^~~~~~~~~~~~~~~~~
In file included from /workspace/samsung-exynos9820/drivers/md/dm.h:14:
/workspace/samsung-exynos9820/include/linux/device-mapper.h:473:10: note: previous declaration of ‘dm_table_get_type’ with type ‘unsigned int(struct dm_table *)’
  473 | unsigned dm_table_get_type(struct dm_table *t);
      |          ^~~~~~~~~~~~~~~~~
/workspace/samsung-exynos9820/drivers/md/dm.h:79:6: warning: conflicting types for ‘dm_set_md_type’ due to enum/integer mismatch; have ‘void(struct mapped_device *, enum dm_queue_mode)’ [-Wenum-int-mismatch]
   79 | void dm_set_md_type(struct mapped_device *md, enum dm_queue_mode type);
      |      ^~~~~~~~~~~~~~
/workspace/samsung-exynos9820/include/linux/device-mapper.h:470:6: note: previous declaration of ‘dm_set_md_type’ with type ‘void(struct mapped_device *, unsigned int)’
  470 | void dm_set_md_type(struct mapped_device *md, unsigned type);
      |      ^~~~~~~~~~~~~~
/workspace/samsung-exynos9820/drivers/md/dm.h:80:20: warning: conflicting types for ‘dm_get_md_type’ due to enum/integer mismatch; have ‘enum dm_queue_mode(struct mapped_device *)’ [-Wenum-int-mismatch]
   80 | enum dm_queue_mode dm_get_md_type(struct mapped_device *md);
      |                    ^~~~~~~~~~~~~~
/workspace/samsung-exynos9820/include/linux/device-mapper.h:471:10: note: previous declaration of ‘dm_get_md_type’ with type ‘unsigned int(struct mapped_device *)’
  471 | unsigned dm_get_md_type(struct mapped_device *md);
      |          ^~~~~~~~~~~~~~
In file included from /workspace/samsung-exynos9820/drivers/md/dm-core.h:18,
                 from /workspace/samsung-exynos9820/drivers/md/dm-ioctl.c:8:
/workspace/samsung-exynos9820/drivers/md/dm.h:67:20: warning: conflicting types for ‘dm_table_get_type’ due to enum/integer mismatch; have ‘enum dm_queue_mode(struct dm_table *)’ [-Wenum-int-mismatch]
   67 | enum dm_queue_mode dm_table_get_type(struct dm_table *t);
      |                    ^~~~~~~~~~~~~~~~~
In file included from /workspace/samsung-exynos9820/drivers/md/dm.h:14:
/workspace/samsung-exynos9820/include/linux/device-mapper.h:473:10: note: previous declaration of ‘dm_table_get_type’ with type ‘unsigned int(struct dm_table *)’
  473 | unsigned dm_table_get_type(struct dm_table *t);
      |          ^~~~~~~~~~~~~~~~~
/workspace/samsung-exynos9820/drivers/md/dm.h:79:6: warning: conflicting types for ‘dm_set_md_type’ due to enum/integer mismatch; have ‘void(struct mapped_device *, enum dm_queue_mode)’ [-Wenum-int-mismatch]
   79 | void dm_set_md_type(struct mapped_device *md, enum dm_queue_mode type);
      |      ^~~~~~~~~~~~~~
/workspace/samsung-exynos9820/include/linux/device-mapper.h:470:6: note: previous declaration of ‘dm_set_md_type’ with type ‘void(struct mapped_device *, unsigned int)’
  470 | void dm_set_md_type(struct mapped_device *md, unsigned type);
      |      ^~~~~~~~~~~~~~
/workspace/samsung-exynos9820/drivers/md/dm.h:80:20: warning: conflicting types for ‘dm_get_md_type’ due to enum/integer mismatch; have ‘enum dm_queue_mode(struct mapped_device *)’ [-Wenum-int-mismatch]
   80 | enum dm_queue_mode dm_get_md_type(struct mapped_device *md);
      |                    ^~~~~~~~~~~~~~
/workspace/samsung-exynos9820/include/linux/device-mapper.h:471:10: note: previous declaration of ‘dm_get_md_type’ with type ‘unsigned int(struct mapped_device *)’
  471 | unsigned dm_get_md_type(struct mapped_device *md);
      |          ^~~~~~~~~~~~~~
In file included from /workspace/samsung-exynos9820/drivers/md/dm-core.h:18,
                 from /workspace/samsung-exynos9820/drivers/md/dm-io.c:8:
/workspace/samsung-exynos9820/drivers/md/dm.h:67:20: warning: conflicting types for ‘dm_table_get_type’ due to enum/integer mismatch; have ‘enum dm_queue_mode(struct dm_table *)’ [-Wenum-int-mismatch]
   67 | enum dm_queue_mode dm_table_get_type(struct dm_table *t);
      |                    ^~~~~~~~~~~~~~~~~
In file included from /workspace/samsung-exynos9820/drivers/md/dm.h:14:
/workspace/samsung-exynos9820/include/linux/device-mapper.h:473:10: note: previous declaration of ‘dm_table_get_type’ with type ‘unsigned int(struct dm_table *)’
  473 | unsigned dm_table_get_type(struct dm_table *t);
      |          ^~~~~~~~~~~~~~~~~
/workspace/samsung-exynos9820/drivers/md/dm.h:79:6: warning: conflicting types for ‘dm_set_md_type’ due to enum/integer mismatch; have ‘void(struct mapped_device *, enum dm_queue_mode)’ [-Wenum-int-mismatch]
   79 | void dm_set_md_type(struct mapped_device *md, enum dm_queue_mode type);
      |      ^~~~~~~~~~~~~~
/workspace/samsung-exynos9820/include/linux/device-mapper.h:470:6: note: previous declaration of ‘dm_set_md_type’ with type ‘void(struct mapped_device *, unsigned int)’
  470 | void dm_set_md_type(struct mapped_device *md, unsigned type);
      |      ^~~~~~~~~~~~~~
/workspace/samsung-exynos9820/drivers/md/dm.h:80:20: warning: conflicting types for ‘dm_get_md_type’ due to enum/integer mismatch; have ‘enum dm_queue_mode(struct mapped_device *)’ [-Wenum-int-mismatch]
   80 | enum dm_queue_mode dm_get_md_type(struct mapped_device *md);
      |                    ^~~~~~~~~~~~~~
/workspace/samsung-exynos9820/include/linux/device-mapper.h:471:10: note: previous declaration of ‘dm_get_md_type’ with type ‘unsigned int(struct mapped_device *)’
  471 | unsigned dm_get_md_type(struct mapped_device *md);
      |          ^~~~~~~~~~~~~~
In file included from /workspace/samsung-exynos9820/drivers/md/dm-core.h:18,
                 from /workspace/samsung-exynos9820/drivers/md/dm-kcopyd.c:29:
/workspace/samsung-exynos9820/drivers/md/dm.h:67:20: warning: conflicting types for ‘dm_table_get_type’ due to enum/integer mismatch; have ‘enum dm_queue_mode(struct dm_table *)’ [-Wenum-int-mismatch]
   67 | enum dm_queue_mode dm_table_get_type(struct dm_table *t);
      |                    ^~~~~~~~~~~~~~~~~
In file included from /workspace/samsung-exynos9820/drivers/md/dm-kcopyd.c:26:
/workspace/samsung-exynos9820/include/linux/device-mapper.h:473:10: note: previous declaration of ‘dm_table_get_type’ with type ‘unsigned int(struct dm_table *)’
  473 | unsigned dm_table_get_type(struct dm_table *t);
      |          ^~~~~~~~~~~~~~~~~
/workspace/samsung-exynos9820/drivers/md/dm.h:79:6: warning: conflicting types for ‘dm_set_md_type’ due to enum/integer mismatch; have ‘void(struct mapped_device *, enum dm_queue_mode)’ [-Wenum-int-mismatch]
   79 | void dm_set_md_type(struct mapped_device *md, enum dm_queue_mode type);
      |      ^~~~~~~~~~~~~~
/workspace/samsung-exynos9820/include/linux/device-mapper.h:470:6: note: previous declaration of ‘dm_set_md_type’ with type ‘void(struct mapped_device *, unsigned int)’
  470 | void dm_set_md_type(struct mapped_device *md, unsigned type);
      |      ^~~~~~~~~~~~~~
/workspace/samsung-exynos9820/drivers/md/dm.h:80:20: warning: conflicting types for ‘dm_get_md_type’ due to enum/integer mismatch; have ‘enum dm_queue_mode(struct mapped_device *)’ [-Wenum-int-mismatch]
   80 | enum dm_queue_mode dm_get_md_type(struct mapped_device *md);
      |                    ^~~~~~~~~~~~~~
/workspace/samsung-exynos9820/include/linux/device-mapper.h:471:10: note: previous declaration of ‘dm_get_md_type’ with type ‘unsigned int(struct mapped_device *)’
  471 | unsigned dm_get_md_type(struct mapped_device *md);
      |          ^~~~~~~~~~~~~~
In file included from /workspace/samsung-exynos9820/drivers/md/dm-core.h:18,
                 from /workspace/samsung-exynos9820/drivers/md/dm-sysfs.c:9:
/workspace/samsung-exynos9820/drivers/md/dm.h:67:20: warning: conflicting types for ‘dm_table_get_type’ due to enum/integer mismatch; have ‘enum dm_queue_mode(struct dm_table *)’ [-Wenum-int-mismatch]
   67 | enum dm_queue_mode dm_table_get_type(struct dm_table *t);
      |                    ^~~~~~~~~~~~~~~~~
In file included from /workspace/samsung-exynos9820/drivers/md/dm.h:14:
/workspace/samsung-exynos9820/include/linux/device-mapper.h:473:10: note: previous declaration of ‘dm_table_get_type’ with type ‘unsigned int(struct dm_table *)’
  473 | unsigned dm_table_get_type(struct dm_table *t);
      |          ^~~~~~~~~~~~~~~~~
/workspace/samsung-exynos9820/drivers/md/dm.h:79:6: warning: conflicting types for ‘dm_set_md_type’ due to enum/integer mismatch; have ‘void(struct mapped_device *, enum dm_queue_mode)’ [-Wenum-int-mismatch]
   79 | void dm_set_md_type(struct mapped_device *md, enum dm_queue_mode type);
      |      ^~~~~~~~~~~~~~
/workspace/samsung-exynos9820/include/linux/device-mapper.h:470:6: note: previous declaration of ‘dm_set_md_type’ with type ‘void(struct mapped_device *, unsigned int)’
  470 | void dm_set_md_type(struct mapped_device *md, unsigned type);
      |      ^~~~~~~~~~~~~~
/workspace/samsung-exynos9820/drivers/md/dm.h:80:20: warning: conflicting types for ‘dm_get_md_type’ due to enum/integer mismatch; have ‘enum dm_queue_mode(struct mapped_device *)’ [-Wenum-int-mismatch]
   80 | enum dm_queue_mode dm_get_md_type(struct mapped_device *md);
      |                    ^~~~~~~~~~~~~~
/workspace/samsung-exynos9820/include/linux/device-mapper.h:471:10: note: previous declaration of ‘dm_get_md_type’ with type ‘unsigned int(struct mapped_device *)’
  471 | unsigned dm_get_md_type(struct mapped_device *md);
      |          ^~~~~~~~~~~~~~
In file included from /workspace/samsung-exynos9820/drivers/md/dm-core.h:18,
                 from /workspace/samsung-exynos9820/drivers/md/dm-stats.c:14:
/workspace/samsung-exynos9820/drivers/md/dm.h:67:20: warning: conflicting types for ‘dm_table_get_type’ due to enum/integer mismatch; have ‘enum dm_queue_mode(struct dm_table *)’ [-Wenum-int-mismatch]
   67 | enum dm_queue_mode dm_table_get_type(struct dm_table *t);
      |                    ^~~~~~~~~~~~~~~~~
In file included from /workspace/samsung-exynos9820/drivers/md/dm-stats.c:12:
/workspace/samsung-exynos9820/include/linux/device-mapper.h:473:10: note: previous declaration of ‘dm_table_get_type’ with type ‘unsigned int(struct dm_table *)’
  473 | unsigned dm_table_get_type(struct dm_table *t);
      |          ^~~~~~~~~~~~~~~~~
/workspace/samsung-exynos9820/drivers/md/dm.h:79:6: warning: conflicting types for ‘dm_set_md_type’ due to enum/integer mismatch; have ‘void(struct mapped_device *, enum dm_queue_mode)’ [-Wenum-int-mismatch]
   79 | void dm_set_md_type(struct mapped_device *md, enum dm_queue_mode type);
      |      ^~~~~~~~~~~~~~
/workspace/samsung-exynos9820/include/linux/device-mapper.h:470:6: note: previous declaration of ‘dm_set_md_type’ with type ‘void(struct mapped_device *, unsigned int)’
  470 | void dm_set_md_type(struct mapped_device *md, unsigned type);
      |      ^~~~~~~~~~~~~~
/workspace/samsung-exynos9820/drivers/md/dm.h:80:20: warning: conflicting types for ‘dm_get_md_type’ due to enum/integer mismatch; have ‘enum dm_queue_mode(struct mapped_device *)’ [-Wenum-int-mismatch]
   80 | enum dm_queue_mode dm_get_md_type(struct mapped_device *md);
      |                    ^~~~~~~~~~~~~~
/workspace/samsung-exynos9820/include/linux/device-mapper.h:471:10: note: previous declaration of ‘dm_get_md_type’ with type ‘unsigned int(struct mapped_device *)’
  471 | unsigned dm_get_md_type(struct mapped_device *md);
      |          ^~~~~~~~~~~~~~
In file included from /workspace/samsung-exynos9820/drivers/md/dm-core.h:18,
                 from /workspace/samsung-exynos9820/drivers/md/dm-rq.c:7:
/workspace/samsung-exynos9820/drivers/md/dm.h:67:20: warning: conflicting types for ‘dm_table_get_type’ due to enum/integer mismatch; have ‘enum dm_queue_mode(struct dm_table *)’ [-Wenum-int-mismatch]
   67 | enum dm_queue_mode dm_table_get_type(struct dm_table *t);
      |                    ^~~~~~~~~~~~~~~~~
In file included from /workspace/samsung-exynos9820/drivers/md/dm.h:14:
/workspace/samsung-exynos9820/include/linux/device-mapper.h:473:10: note: previous declaration of ‘dm_table_get_type’ with type ‘unsigned int(struct dm_table *)’
  473 | unsigned dm_table_get_type(struct dm_table *t);
      |          ^~~~~~~~~~~~~~~~~
/workspace/samsung-exynos9820/drivers/md/dm.h:79:6: warning: conflicting types for ‘dm_set_md_type’ due to enum/integer mismatch; have ‘void(struct mapped_device *, enum dm_queue_mode)’ [-Wenum-int-mismatch]
   79 | void dm_set_md_type(struct mapped_device *md, enum dm_queue_mode type);
      |      ^~~~~~~~~~~~~~
/workspace/samsung-exynos9820/include/linux/device-mapper.h:470:6: note: previous declaration of ‘dm_set_md_type’ with type ‘void(struct mapped_device *, unsigned int)’
  470 | void dm_set_md_type(struct mapped_device *md, unsigned type);
      |      ^~~~~~~~~~~~~~
/workspace/samsung-exynos9820/drivers/md/dm.h:80:20: warning: conflicting types for ‘dm_get_md_type’ due to enum/integer mismatch; have ‘enum dm_queue_mode(struct mapped_device *)’ [-Wenum-int-mismatch]
   80 | enum dm_queue_mode dm_get_md_type(struct mapped_device *md);
      |                    ^~~~~~~~~~~~~~
/workspace/samsung-exynos9820/include/linux/device-mapper.h:471:10: note: previous declaration of ‘dm_get_md_type’ with type ‘unsigned int(struct mapped_device *)’
  471 | unsigned dm_get_md_type(struct mapped_device *md);
      |          ^~~~~~~~~~~~~~
In file included from /workspace/samsung-exynos9820/drivers/md/dm-core.h:18,
                 from /workspace/samsung-exynos9820/drivers/md/dm-builtin.c:2:
/workspace/samsung-exynos9820/drivers/md/dm.h:67:20: warning: conflicting types for ‘dm_table_get_type’ due to enum/integer mismatch; have ‘enum dm_queue_mode(struct dm_table *)’ [-Wenum-int-mismatch]
   67 | enum dm_queue_mode dm_table_get_type(struct dm_table *t);
      |                    ^~~~~~~~~~~~~~~~~
In file included from /workspace/samsung-exynos9820/drivers/md/dm.h:14:
/workspace/samsung-exynos9820/include/linux/device-mapper.h:473:10: note: previous declaration of ‘dm_table_get_type’ with type ‘unsigned int(struct dm_table *)’
  473 | unsigned dm_table_get_type(struct dm_table *t);
      |          ^~~~~~~~~~~~~~~~~
/workspace/samsung-exynos9820/drivers/md/dm.h:79:6: warning: conflicting types for ‘dm_set_md_type’ due to enum/integer mismatch; have ‘void(struct mapped_device *, enum dm_queue_mode)’ [-Wenum-int-mismatch]
   79 | void dm_set_md_type(struct mapped_device *md, enum dm_queue_mode type);
      |      ^~~~~~~~~~~~~~
/workspace/samsung-exynos9820/include/linux/device-mapper.h:470:6: note: previous declaration of ‘dm_set_md_type’ with type ‘void(struct mapped_device *, unsigned int)’
  470 | void dm_set_md_type(struct mapped_device *md, unsigned type);
      |      ^~~~~~~~~~~~~~
/workspace/samsung-exynos9820/drivers/md/dm.h:80:20: warning: conflicting types for ‘dm_get_md_type’ due to enum/integer mismatch; have ‘enum dm_queue_mode(struct mapped_device *)’ [-Wenum-int-mismatch]
   80 | enum dm_queue_mode dm_get_md_type(struct mapped_device *md);
      |                    ^~~~~~~~~~~~~~
/workspace/samsung-exynos9820/include/linux/device-mapper.h:471:10: note: previous declaration of ‘dm_get_md_type’ with type ‘unsigned int(struct mapped_device *)’
  471 | unsigned dm_get_md_type(struct mapped_device *md);
      |          ^~~~~~~~~~~~~~
In file included from /workspace/samsung-exynos9820/drivers/md/dm-verity-fec.h:15,
                 from /workspace/samsung-exynos9820/drivers/md/dm-verity-fec.c:12:
/workspace/samsung-exynos9820/drivers/md/dm.h:67:20: warning: conflicting types for ‘dm_table_get_type’ due to enum/integer mismatch; have ‘enum dm_queue_mode(struct dm_table *)’ [-Wenum-int-mismatch]
   67 | enum dm_queue_mode dm_table_get_type(struct dm_table *t);
      |                    ^~~~~~~~~~~~~~~~~
In file included from /workspace/samsung-exynos9820/drivers/md/dm.h:14:
/workspace/samsung-exynos9820/include/linux/device-mapper.h:473:10: note: previous declaration of ‘dm_table_get_type’ with type ‘unsigned int(struct dm_table *)’
  473 | unsigned dm_table_get_type(struct dm_table *t);
      |          ^~~~~~~~~~~~~~~~~
/workspace/samsung-exynos9820/drivers/md/dm.h:79:6: warning: conflicting types for ‘dm_set_md_type’ due to enum/integer mismatch; have ‘void(struct mapped_device *, enum dm_queue_mode)’ [-Wenum-int-mismatch]
   79 | void dm_set_md_type(struct mapped_device *md, enum dm_queue_mode type);
      |      ^~~~~~~~~~~~~~
/workspace/samsung-exynos9820/include/linux/device-mapper.h:470:6: note: previous declaration of ‘dm_set_md_type’ with type ‘void(struct mapped_device *, unsigned int)’
  470 | void dm_set_md_type(struct mapped_device *md, unsigned type);
      |      ^~~~~~~~~~~~~~
/workspace/samsung-exynos9820/drivers/md/dm.h:80:20: warning: conflicting types for ‘dm_get_md_type’ due to enum/integer mismatch; have ‘enum dm_queue_mode(struct mapped_device *)’ [-Wenum-int-mismatch]
   80 | enum dm_queue_mode dm_get_md_type(struct mapped_device *md);
      |                    ^~~~~~~~~~~~~~
/workspace/samsung-exynos9820/include/linux/device-mapper.h:471:10: note: previous declaration of ‘dm_get_md_type’ with type ‘unsigned int(struct mapped_device *)’
  471 | unsigned dm_get_md_type(struct mapped_device *md);
      |          ^~~~~~~~~~~~~~
In file included from /workspace/samsung-exynos9820/drivers/md/dm-verity-fec.h:15,
                 from /workspace/samsung-exynos9820/drivers/md/dm-verity-target.c:18:
/workspace/samsung-exynos9820/drivers/md/dm.h:67:20: warning: conflicting types for ‘dm_table_get_type’ due to enum/integer mismatch; have ‘enum dm_queue_mode(struct dm_table *)’ [-Wenum-int-mismatch]
   67 | enum dm_queue_mode dm_table_get_type(struct dm_table *t);
      |                    ^~~~~~~~~~~~~~~~~
In file included from /workspace/samsung-exynos9820/drivers/md/dm-verity.h:16,
                 from /workspace/samsung-exynos9820/drivers/md/dm-verity-target.c:17:
/workspace/samsung-exynos9820/include/linux/device-mapper.h:473:10: note: previous declaration of ‘dm_table_get_type’ with type ‘unsigned int(struct dm_table *)’
  473 | unsigned dm_table_get_type(struct dm_table *t);
      |          ^~~~~~~~~~~~~~~~~
/workspace/samsung-exynos9820/drivers/md/dm.h:79:6: warning: conflicting types for ‘dm_set_md_type’ due to enum/integer mismatch; have ‘void(struct mapped_device *, enum dm_queue_mode)’ [-Wenum-int-mismatch]
   79 | void dm_set_md_type(struct mapped_device *md, enum dm_queue_mode type);
      |      ^~~~~~~~~~~~~~
/workspace/samsung-exynos9820/include/linux/device-mapper.h:470:6: note: previous declaration of ‘dm_set_md_type’ with type ‘void(struct mapped_device *, unsigned int)’
  470 | void dm_set_md_type(struct mapped_device *md, unsigned type);
      |      ^~~~~~~~~~~~~~
/workspace/samsung-exynos9820/drivers/md/dm.h:80:20: warning: conflicting types for ‘dm_get_md_type’ due to enum/integer mismatch; have ‘enum dm_queue_mode(struct mapped_device *)’ [-Wenum-int-mismatch]
   80 | enum dm_queue_mode dm_get_md_type(struct mapped_device *md);
      |                    ^~~~~~~~~~~~~~
/workspace/samsung-exynos9820/include/linux/device-mapper.h:471:10: note: previous declaration of ‘dm_get_md_type’ with type ‘unsigned int(struct mapped_device *)’
  471 | unsigned dm_get_md_type(struct mapped_device *md);
      |          ^~~~~~~~~~~~~~
/workspace/samsung-exynos9820/drivers/samsung/debug/sec_debug_reset_reason.c: In function ‘secdbg_rere_get_rstcnt_from_cmdline’:
/workspace/samsung-exynos9820/drivers/samsung/debug/sec_debug_reset_reason.c:151:9: warning: ignoring return value of ‘kstrtol’ declared with attribute ‘warn_unused_result’ [-Wunused-result]
  151 |         kstrtol(pwrsrc_rs, 16, &long_pwrsrc_rs);
      |         ^~~~~~~~~~~~~~~~~~~~~~~~~~~~~~~~~~~~~~~
/workspace/samsung-exynos9820/drivers/soc/samsung/acpm/acpm.c: In function ‘acpm_probe’:
/workspace/samsung-exynos9820/drivers/soc/samsung/acpm/acpm.c:375:9: warning: this ‘if’ clause does not guard... [-Wmisleading-indentation]
  375 |         if (IS_ERR(acpm->timer_base))
      |         ^~
/workspace/samsung-exynos9820/drivers/soc/samsung/acpm/acpm.c:378:17: note: ...this statement, but the latter is misleadingly indented as if it were guarded by the ‘if’
  378 |                 if (of_property_read_u32(node, "peritimer-cnt", &acpm->timer_cnt))
      |                 ^~
/workspace/samsung-exynos9820/drivers/scsi/ufs/ufshcd.c: In function ‘ufs_sec_send_errinfo’:
/workspace/samsung-exynos9820/drivers/scsi/ufs/ufshcd.c:10135:13: warning: the comparison will always evaluate as ‘true’ for the address of ‘SEC_err_info’ will never be NULL [-Waddress]
10135 |         if (&(hba->SEC_err_info)) {
      |             ^
In file included from /workspace/samsung-exynos9820/drivers/scsi/ufs/ufshcd.c:50:
/workspace/samsung-exynos9820/drivers/scsi/ufs/ufshcd.h:883:33: note: ‘SEC_err_info’ declared here
  883 |         struct SEC_UFS_counting SEC_err_info;
      |                                 ^~~~~~~~~~~~
make: *** [Makefile:146: sub-make] Error 2
